<?xml version="1.0" encoding="UTF-8"?>
<testng-results ignored="0" total="2" passed="2" failed="0" skipped="0">
  <reporter-output>
  </reporter-output>
  <suite started-at="2021-06-29T18:02:22 IST" name="Default suite" finished-at="2021-06-29T18:02:39 IST" duration-ms="16989">
    <groups>
    </groups>
    <test started-at="2021-06-29T18:02:22 IST" name="Default test" finished-at="2021-06-29T18:02:39 IST" duration-ms="16989">
      <class name="practiceFramework.PageObjectModel.PageObjectModelTest">
        <test-method is-config="true" signature="beforeTest()[pri:0, instance:practiceFramework.PageObjectModel.PageObjectModelTest@306f16f3]" started-at="2021-06-29T18:02:23 IST" name="beforeTest" finished-at="2021-06-29T18:02:31 IST" duration-ms="7662" status="PASS">
          <reporter-output>
          </reporter-output>
        </test-method> <!-- beforeTest -->
        <test-method signature="LoginPageTest()[pri:1, instance:practiceFramework.PageObjectModel.PageObjectModelTest@306f16f3]" started-at="2021-06-29T18:02:31 IST" name="LoginPageTest" finished-at="2021-06-29T18:02:37 IST" duration-ms="5802" status="PASS">
          <reporter-output>
          </reporter-output>
        </test-method> <!-- LoginPageTest -->
        <test-method is-config="true" signature="beforeTest()[pri:0, instance:practiceFramework.PageObjectModel.PageObjectModelTest@306f16f3]" started-at="2021-06-29T18:02:37 IST" name="beforeTest" finished-at="2021-06-29T18:02:38 IST" duration-ms="1150" status="PASS">
          <reporter-output>
          </reporter-output>
        </test-method> <!-- beforeTest -->
        <test-method signature="HomePage()[pri:2, instance:practiceFramework.PageObjectModel.PageObjectModelTest@306f16f3]" started-at="2021-06-29T18:02:38 IST" name="HomePage" finished-at="2021-06-29T18:02:39 IST" duration-ms="650" status="PASS">
          <reporter-output>
          </reporter-output>
        </test-method> <!-- HomePage -->
        <test-method is-config="true" signature="afterTest()[pri:0, instance:practiceFramework.PageObjectModel.PageObjectModelTest@306f16f3]" started-at="2021-06-29T18:02:39 IST" name="afterTest" finished-at="2021-06-29T18:02:39 IST" duration-ms="0" status="PASS">
          <reporter-output>
          </reporter-output>
        </test-method> <!-- afterTest -->
      </class> <!-- practiceFramework.PageObjectModel.PageObjectModelTest -->
    </test> <!-- Default test -->
  </suite> <!-- Default suite -->
</testng-results>
