<?xml version="1.0" encoding="UTF-8"?>
<!-- Generated by org.testng.reporters.JUnitXMLReporter -->
<testsuite ignored="0" hostname="DESKTOP-6C5CFM6" failures="0" tests="2" name="Default test" time="16.989" errors="0" timestamp="2021-06-29T18:02:41 IST">
  <testcase classname="practiceFramework.PageObjectModel.PageObjectModelTest" name="LoginPageTest" time="5.802"/>
  <testcase classname="practiceFramework.PageObjectModel.PageObjectModelTest" name="HomePage" time="0.65"/>
</testsuite> <!-- Default test -->
